<?xml version="1.0" encoding="UTF-8"?>
<!-- Generated by org.testng.reporters.JUnitReportReporter -->
<testsuite hostname="DESKTOP-SDS9IV6" failures="0" tests="1" name="testScripts.testSignUp" time="14.917" errors="0" timestamp="2020-10-29T04:04:05 IST" skipped="0">
  <testcase classname="testScripts.testSignUp" name="testSignUpSap" time="14.917"/>
  <system-out/>
</testsuite> <!-- testScripts.testSignUp -->
